<?xml version="1.0" encoding="UTF-8"?>
<!-- Generated by org.testng.reporters.JUnitXMLReporter -->
<testsuite hostname="Jeys-MBP.home" ignored="2" tests="0" failures="0" timestamp="2019-11-07T13:15:17 EST" time="0.006" errors="0">
  <testcase name="verifyContactsPageTitle" time="0.0" classname="com.Hubspot.Test.ContactsPageTest1">
    <ignored/>
  </testcase> <!-- verifyContactsPageTitle -->
  <testcase name="createContactsTest" time="0.0" classname="com.Hubspot.Test.ContactsPageTest1">
    <ignored/>
  </testcase> <!-- createContactsTest -->
</testsuite>
