<?xml version="1.0" encoding="UTF-8"?>
<!-- Generated by org.testng.reporters.JUnitXMLReporter -->
<testsuite hostname="Jeys-MBP.home" ignored="0" name="Default test" tests="4" failures="0" timestamp="2019-11-11T17:17:54 EST" time="14.207" errors="0">
  <testcase name="verifyLoginPagTitleTest" time="0.016" classname="com.Hubspot.Test.LoginPageTest"/>
  <testcase name="verifySignUpLinkTest" time="0.05" classname="com.Hubspot.Test.LoginPageTest"/>
  <testcase name="loginTest" time="3.086" classname="com.Hubspot.Test.LoginPageTest"/>
  <testcase name="ShowPasswordTest" time="0.047" classname="com.Hubspot.Test.LoginPageTest"/>
</testsuite> <!-- Default test -->
