<?xml version="1.0" encoding="UTF-8"?>
<!-- Generated by org.testng.reporters.JUnitXMLReporter -->
<testsuite hostname="Jeys-MBP.home" ignored="0" name="Command line test" tests="7" failures="0" timestamp="2019-11-11T17:19:30 EST" time="21.243" errors="0">
  <testcase name="verifyHomePageTitleTest" time="0.012" classname="com.Hubspot.Test.HomePageTest"/>
  <testcase name="verifyHeaderTest" time="0.073" classname="com.Hubspot.Test.HomePageTest"/>
  <testcase name="verifyLogedInUser" time="0.049" classname="com.Hubspot.Test.HomePageTest"/>
  <testcase name="verifyLoginPagTitleTest" time="0.008" classname="com.Hubspot.Test.LoginPageTest"/>
  <testcase name="verifySignUpLinkTest" time="0.034" classname="com.Hubspot.Test.LoginPageTest"/>
  <testcase name="loginTest" time="3.749" classname="com.Hubspot.Test.LoginPageTest"/>
  <testcase name="ShowPasswordTest" time="0.596" classname="com.Hubspot.Test.LoginPageTest"/>
</testsuite> <!-- Command line test -->
