<?xml version="1.0" encoding="UTF-8"?>
<testng-results skipped="0" failed="0" ignored="0" total="4" passed="4">
  <reporter-output>
  </reporter-output>
  <suite name="Hub Spot Test Suite" duration-ms="11396" started-at="2019-11-11T17:25:00 EST" finished-at="2019-11-11T17:25:11 EST">
    <groups>
    </groups>
    <test name="hub spot regression Test" duration-ms="11396" started-at="2019-11-11T17:25:00 EST" finished-at="2019-11-11T17:25:11 EST">
      <class name="com.Hubspot.Test.LoginPageTest">
        <test-method status="PASS" signature="setUp()[pri:0, instance:com.Hubspot.Test.LoginPageTest@9660f4e]" name="setUp" is-config="true" duration-ms="8280" started-at="2019-11-11T17:25:00 EST" finished-at="2019-11-11T17:25:08 EST">
          <reporter-output>
          </reporter-output>
        </test-method> <!-- setUp -->
        <test-method status="PASS" signature="verifyLoginPagTitleTest()[pri:1, instance:com.Hubspot.Test.LoginPageTest@9660f4e]" name="verifyLoginPagTitleTest" duration-ms="14" started-at="2019-11-11T17:25:08 EST" finished-at="2019-11-11T17:25:08 EST">
          <reporter-output>
          </reporter-output>
        </test-method> <!-- verifyLoginPagTitleTest -->
        <test-method status="PASS" signature="verifySignUpLinkTest()[pri:2, instance:com.Hubspot.Test.LoginPageTest@9660f4e]" name="verifySignUpLinkTest" duration-ms="44" started-at="2019-11-11T17:25:08 EST" finished-at="2019-11-11T17:25:08 EST">
          <reporter-output>
          </reporter-output>
        </test-method> <!-- verifySignUpLinkTest -->
        <test-method status="PASS" signature="loginTest()[pri:3, instance:com.Hubspot.Test.LoginPageTest@9660f4e]" name="loginTest" duration-ms="2894" started-at="2019-11-11T17:25:08 EST" finished-at="2019-11-11T17:25:11 EST">
          <reporter-output>
          </reporter-output>
        </test-method> <!-- loginTest -->
        <test-method status="PASS" signature="ShowPasswordTest()[pri:4, instance:com.Hubspot.Test.LoginPageTest@9660f4e]" name="ShowPasswordTest" duration-ms="43" started-at="2019-11-11T17:25:11 EST" finished-at="2019-11-11T17:25:11 EST">
          <reporter-output>
          </reporter-output>
        </test-method> <!-- ShowPasswordTest -->
        <test-method status="PASS" signature="tearDown()[pri:0, instance:com.Hubspot.Test.LoginPageTest@9660f4e]" name="tearDown" is-config="true" duration-ms="97" started-at="2019-11-11T17:25:11 EST" finished-at="2019-11-11T17:25:11 EST">
          <reporter-output>
          </reporter-output>
        </test-method> <!-- tearDown -->
      </class> <!-- com.Hubspot.Test.LoginPageTest -->
    </test> <!-- hub spot regression Test -->
  </suite> <!-- Hub Spot Test Suite -->
</testng-results>
