<?xml version="1.0" encoding="UTF-8"?>
<!-- Generated by org.testng.reporters.JUnitXMLReporter -->
<testsuite hostname="Jeys-MBP.home" ignored="0" name="hub spot regression Test" tests="4" failures="0" timestamp="2019-11-11T17:25:11 EST" time="11.396" errors="0">
  <testcase name="verifyLoginPagTitleTest" time="0.014" classname="com.Hubspot.Test.LoginPageTest"/>
  <testcase name="verifySignUpLinkTest" time="0.044" classname="com.Hubspot.Test.LoginPageTest"/>
  <testcase name="loginTest" time="2.894" classname="com.Hubspot.Test.LoginPageTest"/>
  <testcase name="ShowPasswordTest" time="0.043" classname="com.Hubspot.Test.LoginPageTest"/>
</testsuite> <!-- hub spot regression Test -->
