<?xml version="1.0" encoding="UTF-8"?>
<!-- Generated by org.testng.reporters.JUnitXMLReporter -->
<testsuite hostname="Jeys-MBP.home" ignored="0" name="hub spot regression Test" tests="5" failures="0" timestamp="2019-11-07T13:39:02 EST" time="83.738" errors="0">
  <testcase name="verifyContactsPageTitle" time="0.747" classname="com.Hubspot.Test.ContactsPageTest1"/>
  <testcase name="createContactsTest" time="7.029" classname="com.Hubspot.Test.ContactsPageTest1"/>
  <testcase name="createContactsTest" time="6.813" classname="com.Hubspot.Test.ContactsPageTest1"/>
  <testcase name="createContactsTest" time="6.723" classname="com.Hubspot.Test.ContactsPageTest1"/>
  <testcase name="createContactsTest" time="6.851" classname="com.Hubspot.Test.ContactsPageTest1"/>
</testsuite> <!-- hub spot regression Test -->
